# JRE version: Java(TM) SE Runtime Environment (8.0_191-b12) (build 1.8.0_191-b12)
# Java VM: Java HotSpot(TM) 64-Bit Server VM (25.191-b12 mixed mode windows-amd64 compressed oops)
Heap:
 PSYoungGen      total 220672K, used 21959K [0x00000000d6400000, 0x00000000e7380000, 0x0000000100000000)
  eden space 204288K, 2% used [0x00000000d6400000,0x00000000d69744f8,0x00000000e2b80000)
  from space 16384K, 99% used [0x00000000e2b80000,0x00000000e3b7dab0,0x00000000e3b80000)
  to   space 19968K, 0% used [0x00000000e6000000,0x00000000e6000000,0x00000000e7380000)
 ParOldGen       total 89088K, used 19982K [0x0000000082c00000, 0x0000000088300000, 0x00000000d6400000)
  object space 89088K, 22% used [0x0000000082c00000,0x0000000083f83b18,0x0000000088300000)
 Metaspace       used 55688K, capacity 57834K, committed 58112K, reserved 1099776K
  class space    used 7734K, capacity 8156K, committed 8192K, reserved 1048576K
GC Heap History (10 events):
Event: 9.958 GC heap before
{Heap before GC invocations=9 (full 1):
 PSYoungGen      total 134656K, used 134026K [0x00000000d6400000, 0x00000000e1500000, 0x0000000100000000)
  eden space 124416K, 100% used [0x00000000d6400000,0x00000000ddd80000,0x00000000ddd80000)
  from space 10240K, 93% used [0x00000000ddd80000,0x00000000de6e2b40,0x00000000de780000)
  to   space 11776K, 0% used [0x00000000e0980000,0x00000000e0980000,0x00000000e1500000)
 ParOldGen       total 58368K, used 8895K [0x0000000082c00000, 0x0000000086500000, 0x00000000d6400000)
  object space 58368K, 15% used [0x0000000082c00000,0x00000000834afe48,0x0000000086500000)
 Metaspace       used 30878K, capacity 32342K, committed 32384K, reserved 1077248K
  class space    used 4172K, capacity 4469K, committed 4480K, reserved 1048576K
Event: 9.983 GC heap after
Heap after GC invocations=9 (full 1):
 PSYoungGen      total 167936K, used 11476K [0x00000000d6400000, 0x00000000e3700000, 0x0000000100000000)
  eden space 156160K, 0% used [0x00000000d6400000,0x00000000d6400000,0x00000000dfc80000)
  from space 11776K, 97% used [0x00000000e0980000,0x00000000e14b5160,0x00000000e1500000)
  to   space 13312K, 0% used [0x00000000dfc80000,0x00000000dfc80000,0x00000000e0980000)
 ParOldGen       total 58368K, used 8903K [0x0000000082c00000, 0x0000000086500000, 0x00000000d6400000)
  object space 58368K, 15% used [0x0000000082c00000,0x00000000834b1e48,0x0000000086500000)
 Metaspace       used 30878K, capacity 32342K, committed 32384K, reserved 1077248K
  class space    used 4172K, capacity 4469K, committed 4480K, reserved 1048576K
}
Event: 10.603 GC heap before
{Heap before GC invocations=10 (full 1):
 PSYoungGen      total 167936K, used 46437K [0x00000000d6400000, 0x00000000e3700000, 0x0000000100000000)
  eden space 156160K, 22% used [0x00000000d6400000,0x00000000d86244a0,0x00000000dfc80000)
  from space 11776K, 97% used [0x00000000e0980000,0x00000000e14b5160,0x00000000e1500000)
  to   space 13312K, 0% used [0x00000000dfc80000,0x00000000dfc80000,0x00000000e0980000)
 ParOldGen       total 58368K, used 8903K [0x0000000082c00000, 0x0000000086500000, 0x00000000d6400000)
  object space 58368K, 15% used [0x0000000082c00000,0x00000000834b1e48,0x0000000086500000)
 Metaspace       used 33825K, capacity 35316K, committed 35496K, reserved 1079296K
  class space    used 4452K, capacity 4774K, committed 4864K, reserved 1048576K
Event: 10.624 GC heap after
Heap after GC invocations=10 (full 1):
 PSYoungGen      total 169472K, used 11790K [0x00000000d6400000, 0x00000000e4c00000, 0x0000000100000000)
  eden space 156160K, 0% used [0x00000000d6400000,0x00000000d6400000,0x00000000dfc80000)
  from space 13312K, 88% used [0x00000000dfc80000,0x00000000e0803b08,0x00000000e0980000)
  to   space 14848K, 0% used [0x00000000e3d80000,0x00000000e3d80000,0x00000000e4c00000)
 ParOldGen       total 58368K, used 8911K [0x0000000082c00000, 0x0000000086500000, 0x00000000d6400000)
  object space 58368K, 15% used [0x0000000082c00000,0x00000000834b3e48,0x0000000086500000)
 Metaspace       used 33825K, capacity 35316K, committed 35496K, reserved 1079296K
  class space    used 4452K, capacity 4774K, committed 4864K, reserved 1048576K
}
Event: 10.624 GC heap before
{Heap before GC invocations=11 (full 2):
 PSYoungGen      total 169472K, used 11790K [0x00000000d6400000, 0x00000000e4c00000, 0x0000000100000000)
  eden space 156160K, 0% used [0x00000000d6400000,0x00000000d6400000,0x00000000dfc80000)
  from space 13312K, 88% used [0x00000000dfc80000,0x00000000e0803b08,0x00000000e0980000)
  to   space 14848K, 0% used [0x00000000e3d80000,0x00000000e3d80000,0x00000000e4c00000)
 ParOldGen       total 58368K, used 8911K [0x0000000082c00000, 0x0000000086500000, 0x00000000d6400000)
  object space 58368K, 15% used [0x0000000082c00000,0x00000000834b3e48,0x0000000086500000)
 Metaspace       used 33825K, capacity 35316K, committed 35496K, reserved 1079296K
  class space    used 4452K, capacity 4774K, committed 4864K, reserved 1048576K
Event: 10.775 GC heap after
Heap after GC invocations=11 (full 2):
 PSYoungGen      total 169472K, used 0K [0x00000000d6400000, 0x00000000e4c00000, 0x0000000100000000)
  eden space 156160K, 0% used [0x00000000d6400000,0x00000000d6400000,0x00000000dfc80000)
  from space 13312K, 0% used [0x00000000dfc80000,0x00000000dfc80000,0x00000000e0980000)
  to   space 14848K, 0% used [0x00000000e3d80000,0x00000000e3d80000,0x00000000e4c00000)
 ParOldGen       total 89088K, used 16619K [0x0000000082c00000, 0x0000000088300000, 0x00000000d6400000)
  object space 89088K, 18% used [0x0000000082c00000,0x0000000083c3ad78,0x0000000088300000)
 Metaspace       used 33825K, capacity 35316K, committed 35496K, reserved 1079296K
  class space    used 4452K, capacity 4774K, committed 4864K, reserved 1048576K
}
Event: 18.415 GC heap before
{Heap before GC invocations=12 (full 2):
 PSYoungGen      total 169472K, used 156160K [0x00000000d6400000, 0x00000000e4c00000, 0x0000000100000000)
  eden space 156160K, 100% used [0x00000000d6400000,0x00000000dfc80000,0x00000000dfc80000)
  from space 13312K, 0% used [0x00000000dfc80000,0x00000000dfc80000,0x00000000e0980000)
  to   space 14848K, 0% used [0x00000000e3d80000,0x00000000e3d80000,0x00000000e4c00000)
 ParOldGen       total 89088K, used 16619K [0x0000000082c00000, 0x0000000088300000, 0x00000000d6400000)
  object space 89088K, 18% used [0x0000000082c00000,0x0000000083c3ad78,0x0000000088300000)
 Metaspace       used 45345K, capacity 47028K, committed 47360K, reserved 1089536K
  class space    used 6264K, capacity 6638K, committed 6656K, reserved 1048576K
Event: 18.437 GC heap after
Heap after GC invocations=12 (full 2):
 PSYoungGen      total 210432K, used 13931K [0x00000000d6400000, 0x00000000e4b80000, 0x0000000100000000)
  eden space 196096K, 0% used [0x00000000d6400000,0x00000000d6400000,0x00000000e2380000)
  from space 14336K, 97% used [0x00000000e3d80000,0x00000000e4b1aff0,0x00000000e4b80000)
  to   space 16384K, 0% used [0x00000000e2b80000,0x00000000e2b80000,0x00000000e3b80000)
 ParOldGen       total 89088K, used 16627K [0x0000000082c00000, 0x0000000088300000, 0x00000000d6400000)
  object space 89088K, 18% used [0x0000000082c00000,0x0000000083c3cd78,0x0000000088300000)
 Metaspace       used 45345K, capacity 47028K, committed 47360K, reserved 1089536K
  class space    used 6264K, capacity 6638K, committed 6656K, reserved 1048576K
}
Event: 241.013 GC heap before
{Heap before GC invocations=13 (full 2):
 PSYoungGen      total 210432K, used 210027K [0x00000000d6400000, 0x00000000e4b80000, 0x0000000100000000)
  eden space 196096K, 100% used [0x00000000d6400000,0x00000000e2380000,0x00000000e2380000)
  from space 14336K, 97% used [0x00000000e3d80000,0x00000000e4b1aff0,0x00000000e4b80000)
  to   space 16384K, 0% used [0x00000000e2b80000,0x00000000e2b80000,0x00000000e3b80000)
 ParOldGen       total 89088K, used 16627K [0x0000000082c00000, 0x0000000088300000, 0x00000000d6400000)
  object space 89088K, 18% used [0x0000000082c00000,0x0000000083c3cd78,0x0000000088300000)
 Metaspace       used 55688K, capacity 57834K, committed 58112K, reserved 1099776K
  class space    used 7734K, capacity 8156K, committed 8192K, reserved 1048576K
Event: 241.061 GC heap after
Heap after GC invocations=13 (full 2):
 PSYoungGen      total 220672K, used 16374K [0x00000000d6400000, 0x00000000e7380000, 0x0000000100000000)
  eden space 204288K, 0% used [0x00000000d6400000,0x00000000d6400000,0x00000000e2b80000)
  from space 16384K, 99% used [0x00000000e2b80000,0x00000000e3b7dab0,0x00000000e3b80000)
  to   space 19968K, 0% used [0x00000000e6000000,0x00000000e6000000,0x00000000e7380000)
 ParOldGen       total 89088K, used 19982K [0x0000000082c00000, 0x0000000088300000, 0x00000000d6400000)
  object space 89088K, 22% used [0x0000000082c00000,0x0000000083f83b18,0x0000000088300000)
 Metaspace       used 55688K, capacity 57834K, committed 58112K, reserved 1099776K
  class space    used 7734K, capacity 8156K, committed 8192K, reserved 1048576K
}

