# JRE version: Java(TM) SE Runtime Environment (8.0_191-b12) (build 1.8.0_191-b12)
# Java VM: Java HotSpot(TM) 64-Bit Server VM (25.191-b12 mixed mode windows-amd64 compressed oops)
Heap:
 PSYoungGen      total 67584K, used 19966K [0x00000000d6400000, 0x00000000de380000, 0x0000000100000000)
  eden space 62464K, 24% used [0x00000000d6400000,0x00000000d730ae48,0x00000000da100000)
  from space 5120K, 89% used [0x00000000da900000,0x00000000dad749e0,0x00000000dae00000)
  to   space 8192K, 0% used [0x00000000da100000,0x00000000da100000,0x00000000da900000)
 ParOldGen       total 49152K, used 9245K [0x0000000082c00000, 0x0000000085c00000, 0x00000000d6400000)
  object space 49152K, 18% used [0x0000000082c00000,0x0000000083507738,0x0000000085c00000)
 Metaspace       used 25161K, capacity 25814K, committed 26032K, reserved 1071104K
  class space    used 3225K, capacity 3397K, committed 3504K, reserved 1048576K
GC Heap History (10 events):
Event: 3.125 GC heap before
{Heap before GC invocations=3 (full 0):
 PSYoungGen      total 37888K, used 37863K [0x00000000d6400000, 0x00000000d8e00000, 0x0000000100000000)
  eden space 32768K, 100% used [0x00000000d6400000,0x00000000d8400000,0x00000000d8400000)
  from space 5120K, 99% used [0x00000000d8900000,0x00000000d8df9d98,0x00000000d8e00000)
  to   space 5120K, 0% used [0x00000000d8400000,0x00000000d8400000,0x00000000d8900000)
 ParOldGen       total 86016K, used 590K [0x0000000082c00000, 0x0000000088000000, 0x00000000d6400000)
  object space 86016K, 0% used [0x0000000082c00000,0x0000000082c93b28,0x0000000088000000)
 Metaspace       used 16649K, capacity 17144K, committed 17408K, reserved 1064960K
  class space    used 2154K, capacity 2276K, committed 2304K, reserved 1048576K
Event: 3.135 GC heap after
Heap after GC invocations=3 (full 0):
 PSYoungGen      total 37888K, used 5109K [0x00000000d6400000, 0x00000000dae00000, 0x0000000100000000)
  eden space 32768K, 0% used [0x00000000d6400000,0x00000000d6400000,0x00000000d8400000)
  from space 5120K, 99% used [0x00000000d8400000,0x00000000d88fd548,0x00000000d8900000)
  to   space 5120K, 0% used [0x00000000da900000,0x00000000da900000,0x00000000dae00000)
 ParOldGen       total 86016K, used 1671K [0x0000000082c00000, 0x0000000088000000, 0x00000000d6400000)
  object space 86016K, 1% used [0x0000000082c00000,0x0000000082da1f38,0x0000000088000000)
 Metaspace       used 16649K, capacity 17144K, committed 17408K, reserved 1064960K
  class space    used 2154K, capacity 2276K, committed 2304K, reserved 1048576K
}
Event: 3.604 GC heap before
{Heap before GC invocations=4 (full 0):
 PSYoungGen      total 37888K, used 37877K [0x00000000d6400000, 0x00000000dae00000, 0x0000000100000000)
  eden space 32768K, 100% used [0x00000000d6400000,0x00000000d8400000,0x00000000d8400000)
  from space 5120K, 99% used [0x00000000d8400000,0x00000000d88fd548,0x00000000d8900000)
  to   space 5120K, 0% used [0x00000000da900000,0x00000000da900000,0x00000000dae00000)
 ParOldGen       total 86016K, used 1702K [0x0000000082c00000, 0x0000000088000000, 0x00000000d6400000)
  object space 86016K, 1% used [0x0000000082c00000,0x0000000082da9b48,0x0000000088000000)
 Metaspace       used 19857K, capacity 20422K, committed 20736K, reserved 1067008K
  class space    used 2587K, capacity 2739K, committed 2816K, reserved 1048576K
Event: 3.618 GC heap after
Heap after GC invocations=4 (full 0):
 PSYoungGen      total 70656K, used 5106K [0x00000000d6400000, 0x00000000dae00000, 0x0000000100000000)
  eden space 65536K, 0% used [0x00000000d6400000,0x00000000d6400000,0x00000000da400000)
  from space 5120K, 99% used [0x00000000da900000,0x00000000dadfc8c0,0x00000000dae00000)
  to   space 5120K, 0% used [0x00000000da400000,0x00000000da400000,0x00000000da900000)
 ParOldGen       total 86016K, used 4433K [0x0000000082c00000, 0x0000000088000000, 0x00000000d6400000)
  object space 86016K, 5% used [0x0000000082c00000,0x0000000083054648,0x0000000088000000)
 Metaspace       used 19857K, capacity 20422K, committed 20736K, reserved 1067008K
  class space    used 2587K, capacity 2739K, committed 2816K, reserved 1048576K
}
Event: 3.729 GC heap before
{Heap before GC invocations=5 (full 0):
 PSYoungGen      total 70656K, used 15233K [0x00000000d6400000, 0x00000000dae00000, 0x0000000100000000)
  eden space 65536K, 15% used [0x00000000d6400000,0x00000000d6de3f00,0x00000000da400000)
  from space 5120K, 99% used [0x00000000da900000,0x00000000dadfc8c0,0x00000000dae00000)
  to   space 5120K, 0% used [0x00000000da400000,0x00000000da400000,0x00000000da900000)
 ParOldGen       total 86016K, used 4433K [0x0000000082c00000, 0x0000000088000000, 0x00000000d6400000)
  object space 86016K, 5% used [0x0000000082c00000,0x0000000083054648,0x0000000088000000)
 Metaspace       used 20717K, capacity 21222K, committed 21296K, reserved 1067008K
  class space    used 2683K, capacity 2835K, committed 2864K, reserved 1048576K
Event: 3.744 GC heap after
Heap after GC invocations=5 (full 0):
 PSYoungGen      total 70656K, used 5093K [0x00000000d6400000, 0x00000000dae00000, 0x0000000100000000)
  eden space 65536K, 0% used [0x00000000d6400000,0x00000000d6400000,0x00000000da400000)
  from space 5120K, 99% used [0x00000000da400000,0x00000000da8f96d0,0x00000000da900000)
  to   space 5120K, 0% used [0x00000000da900000,0x00000000da900000,0x00000000dae00000)
 ParOldGen       total 86016K, used 5334K [0x0000000082c00000, 0x0000000088000000, 0x00000000d6400000)
  object space 86016K, 6% used [0x0000000082c00000,0x0000000083135b38,0x0000000088000000)
 Metaspace       used 20717K, capacity 21222K, committed 21296K, reserved 1067008K
  class space    used 2683K, capacity 2835K, committed 2864K, reserved 1048576K
}
Event: 3.744 GC heap before
{Heap before GC invocations=6 (full 1):
 PSYoungGen      total 70656K, used 5093K [0x00000000d6400000, 0x00000000dae00000, 0x0000000100000000)
  eden space 65536K, 0% used [0x00000000d6400000,0x00000000d6400000,0x00000000da400000)
  from space 5120K, 99% used [0x00000000da400000,0x00000000da8f96d0,0x00000000da900000)
  to   space 5120K, 0% used [0x00000000da900000,0x00000000da900000,0x00000000dae00000)
 ParOldGen       total 86016K, used 5334K [0x0000000082c00000, 0x0000000088000000, 0x00000000d6400000)
  object space 86016K, 6% used [0x0000000082c00000,0x0000000083135b38,0x0000000088000000)
 Metaspace       used 20717K, capacity 21222K, committed 21296K, reserved 1067008K
  class space    used 2683K, capacity 2835K, committed 2864K, reserved 1048576K
Event: 3.788 GC heap after
Heap after GC invocations=6 (full 1):
 PSYoungGen      total 70656K, used 0K [0x00000000d6400000, 0x00000000dae00000, 0x0000000100000000)
  eden space 65536K, 0% used [0x00000000d6400000,0x00000000d6400000,0x00000000da400000)
  from space 5120K, 0% used [0x00000000da400000,0x00000000da400000,0x00000000da900000)
  to   space 5120K, 0% used [0x00000000da900000,0x00000000da900000,0x00000000dae00000)
 ParOldGen       total 49152K, used 5869K [0x0000000082c00000, 0x0000000085c00000, 0x00000000d6400000)
  object space 49152K, 11% used [0x0000000082c00000,0x00000000831bb6e0,0x0000000085c00000)
 Metaspace       used 20717K, capacity 21222K, committed 21296K, reserved 1067008K
  class space    used 2683K, capacity 2835K, committed 2864K, reserved 1048576K
}
Event: 4.471 GC heap before
{Heap before GC invocations=7 (full 1):
 PSYoungGen      total 70656K, used 65536K [0x00000000d6400000, 0x00000000dae00000, 0x0000000100000000)
  eden space 65536K, 100% used [0x00000000d6400000,0x00000000da400000,0x00000000da400000)
  from space 5120K, 0% used [0x00000000da400000,0x00000000da400000,0x00000000da900000)
  to   space 5120K, 0% used [0x00000000da900000,0x00000000da900000,0x00000000dae00000)
 ParOldGen       total 49152K, used 9237K [0x0000000082c00000, 0x0000000085c00000, 0x00000000d6400000)
  object space 49152K, 18% used [0x0000000082c00000,0x0000000083505738,0x0000000085c00000)
 Metaspace       used 23623K, capacity 24266K, committed 24496K, reserved 1071104K
  class space    used 3058K, capacity 3241K, committed 3248K, reserved 1048576K
Event: 4.479 GC heap after
Heap after GC invocations=7 (full 1):
 PSYoungGen      total 67584K, used 4562K [0x00000000d6400000, 0x00000000de380000, 0x0000000100000000)
  eden space 62464K, 0% used [0x00000000d6400000,0x00000000d6400000,0x00000000da100000)
  from space 5120K, 89% used [0x00000000da900000,0x00000000dad749e0,0x00000000dae00000)
  to   space 8192K, 0% used [0x00000000da100000,0x00000000da100000,0x00000000da900000)
 ParOldGen       total 49152K, used 9245K [0x0000000082c00000, 0x0000000085c00000, 0x00000000d6400000)
  object space 49152K, 18% used [0x0000000082c00000,0x0000000083507738,0x0000000085c00000)
 Metaspace       used 23623K, capacity 24266K, committed 24496K, reserved 1071104K
  class space    used 3058K, capacity 3241K, committed 3248K, reserved 1048576K
}

